<?xml version="1.0" encoding="UTF-8"?>
<testng-results ignored="0" total="3" passed="3" failed="0" skipped="0">
  <reporter-output>
    <line>
      <![CDATA[TC_02 running]]>
    </line>
    <line>
      <![CDATA[TC_01 running]]>
    </line>
    <line>
      <![CDATA[TC_03 running]]>
    </line>
  </reporter-output>
  <suite started-at="2023-01-06T13:01:09 IST" name="Suite" finished-at="2023-01-06T13:01:09 IST" duration-ms="260">
    <groups>
    </groups>
    <test started-at="2023-01-06T13:01:09 IST" name="Test" finished-at="2023-01-06T13:01:09 IST" duration-ms="260">
      <class name="TestCases.TC_02_Test">
        <test-method signature="m2()[pri:0, instance:TestCases.TC_02_Test@2b91004a]" started-at="2023-01-06T13:01:09 IST" name="m2" finished-at="2023-01-06T13:01:09 IST" duration-ms="8" status="PASS">
          <reporter-output>
            <line>
              <![CDATA[TC_02 running]]>
            </line>
          </reporter-output>
        </test-method> <!-- m2 -->
      </class> <!-- TestCases.TC_02_Test -->
      <class name="TestCases.TC_01_Test">
        <test-method signature="m1()[pri:0, instance:TestCases.TC_01_Test@2c35e847]" started-at="2023-01-06T13:01:09 IST" name="m1" finished-at="2023-01-06T13:01:09 IST" duration-ms="2" status="PASS">
          <reporter-output>
            <line>
              <![CDATA[TC_01 running]]>
            </line>
          </reporter-output>
        </test-method> <!-- m1 -->
      </class> <!-- TestCases.TC_01_Test -->
      <class name="TestCases.TC_03_Test">
        <test-method signature="m3()[pri:0, instance:TestCases.TC_03_Test@7bd4937b]" started-at="2023-01-06T13:01:09 IST" name="m3" finished-at="2023-01-06T13:01:09 IST" duration-ms="1" status="PASS">
          <reporter-output>
            <line>
              <![CDATA[TC_03 running]]>
            </line>
          </reporter-output>
        </test-method> <!-- m3 -->
      </class> <!-- TestCases.TC_03_Test -->
    </test> <!-- Test -->
  </suite> <!-- Suite -->
</testng-results>
